[0m2021.02.05 15:04:48 INFO  Started: Metals version 0.9.10 in workspace '/Users/frank/Desktop/DEV/Scala_Result' for client vscode 1.52.1.[0m
[0m2021.02.05 15:04:53 INFO  time: initialize in 5.28s[0m
[0m2021.02.05 15:04:54 WARN  Build server is not auto-connectable.[0m
2月 05, 2021 3:05:09 下午 org.eclipse.lsp4j.jsonrpc.services.GenericEndpoint notify
信息: Unsupported notification method: $/setTraceNotification
[0m2021.02.05 15:05:45 INFO  no build target: using presentation compiler with only scala-library[0m
[0m2021.02.05 15:05:49 WARN  no build target for: /Users/frank/Desktop/DEV/Scala_Result/src/main/scala/com/frank/result/Result.scala[0m
2月 05, 2021 3:05:49 下午 org.eclipse.lsp4j.jsonrpc.RemoteEndpoint handleCancellation
警告: Unmatched cancel notification for request id 1
2月 05, 2021 3:05:49 下午 org.eclipse.lsp4j.jsonrpc.RemoteEndpoint handleCancellation
警告: Unmatched cancel notification for request id 6
[0m2021.02.05 15:05:51 WARN  no build target for: /Users/frank/Desktop/DEV/Scala_Result/src/main/scala/com/frank/result/Result.scala[0m
[0m2021.02.05 15:05:54 WARN  no build target for: /Users/frank/Desktop/DEV/Scala_Result/src/main/scala/com/frank/result/Result.scala[0m
[0m2021.02.05 15:06:14 WARN  no build target for: /Users/frank/Desktop/DEV/Scala_Result/src/main/scala/com/frank/result/Result.scala[0m
[0m2021.02.05 15:06:18 WARN  no build target for: /Users/frank/Desktop/DEV/Scala_Result/src/main/scala/com/frank/result/Result.scala[0m
[0m2021.02.05 15:06:57 INFO  shutting down Metals[0m
[0m2021.02.05 15:07:12 INFO  Started: Metals version 0.9.10 in workspace '/Users/frank/Desktop/DEV/Scala_Result' for client vscode 1.52.1.[0m
[0m2021.02.05 15:07:17 INFO  time: initialize in 4.98s[0m
[0m2021.02.05 15:07:18 WARN  Build server is not auto-connectable.[0m
[0m2021.02.05 15:07:18 INFO  skipping build import with status 'Requested'[0m
[0m2021.02.05 15:07:56 INFO  shutting down Metals[0m
[0m2021.02.05 15:08:13 INFO  Started: Metals version 0.9.10 in workspace '/Users/frank/Desktop/DEV/Scala_Result' for client vscode 1.52.1.[0m
[0m2021.02.05 15:08:19 INFO  time: initialize in 5.55s[0m
[0m2021.02.05 15:08:20 WARN  Build server is not auto-connectable.[0m
[0m2021.02.05 15:08:20 INFO  skipping build import with status 'Requested'[0m
